<?xml version="1.0" encoding="UTF-8"?>
<testsuite xmlns:xsi="http://www.w3.org/2001/XMLSchema-instance" xsi:noNamespaceSchemaLocation="https://maven.apache.org/surefire/maven-surefire-plugin/xsd/surefire-test-report.xsd" name="Rpg.AppTest" time="0.002" tests="1" errors="0" skipped="0" failures="0">
  <properties>
    <property name="sun.desktop" value="windows"/>
    <property name="awt.toolkit" value="sun.awt.windows.WToolkit"/>
    <property name="jdk.extensions.version" value="15.0.0.0"/>
    <property name="file.encoding.pkg" value="sun.io"/>
    <property name="java.specification.version" value="15"/>
    <property name="sun.jnu.encoding" value="Cp1252"/>
    <property name="java.class.path" value="C:\Users\PcCom\Documents\Clase\3 curso\2ºCuatrimestre\Procesos de Software y Calidad\ProyectoGrupal\JuegoRpg\Rpg\target\test-classes;C:\Users\PcCom\Documents\Clase\3 curso\2ºCuatrimestre\Procesos de Software y Calidad\ProyectoGrupal\JuegoRpg\Rpg\target\classes;C:\Users\PcCom\.m2\repository\junit\junit\4.11\junit-4.11.jar;C:\Users\PcCom\.m2\repository\org\hamcrest\hamcrest-core\1.3\hamcrest-core-1.3.jar;"/>
    <property name="java.vm.vendor" value="Eclipse OpenJ9"/>
    <property name="sun.arch.data.model" value="64"/>
    <property name="com.ibm.vm.bitmode" value="64"/>
    <property name="user.variant" value=""/>
    <property name="com.ibm.oti.vm.library.version" value="29"/>
    <property name="java.vendor.url" value="https://adoptopenjdk.net/"/>
    <property name="user.timezone" value="Europe/Madrid"/>
    <property name="os.name" value="Windows 10"/>
    <property name="java.vm.specification.version" value="15"/>
    <property name="sun.java.launcher" value="SUN_STANDARD"/>
    <property name="user.country" value="ES"/>
    <property name="sun.boot.library.path" value="C:\Program Files\AdoptOpenJDK\jdk-15.0.0.36-openj9\bin\compressedrefs;C:\Program Files\AdoptOpenJDK\jdk-15.0.0.36-openj9\bin"/>
    <property name="sun.java.command" value="C:\Users\PcCom\AppData\Local\Temp\surefire9187127158206752185\surefirebooter10859592394734243420.jar C:\Users\PcCom\AppData\Local\Temp\surefire9187127158206752185 2021-04-12T20-12-32_025-jvmRun1 surefire9909173811971123619tmp surefire_07836917882418595071tmp"/>
    <property name="surefire.test.class.path" value="C:\Users\PcCom\Documents\Clase\3 curso\2ºCuatrimestre\Procesos de Software y Calidad\ProyectoGrupal\JuegoRpg\Rpg\target\test-classes;C:\Users\PcCom\Documents\Clase\3 curso\2ºCuatrimestre\Procesos de Software y Calidad\ProyectoGrupal\JuegoRpg\Rpg\target\classes;C:\Users\PcCom\.m2\repository\junit\junit\4.11\junit-4.11.jar;C:\Users\PcCom\.m2\repository\org\hamcrest\hamcrest-core\1.3\hamcrest-core-1.3.jar;"/>
    <property name="sun.cpu.endian" value="little"/>
    <property name="user.home" value="C:\Users\PcCom"/>
    <property name="user.language" value="es"/>
    <property name="java.specification.vendor" value="Oracle Corporation"/>
    <property name="java.version.date" value="2020-09-15"/>
    <property name="java.home" value="C:\Program Files\AdoptOpenJDK\jdk-15.0.0.36-openj9"/>
    <property name="ibm.signalhandling.rs" value="false"/>
    <property name="file.separator" value="\"/>
    <property name="jdk.extensions.name" value="Extensions for OpenJDK for Eclipse OpenJ9"/>
    <property name="basedir" value="C:\Users\PcCom\Documents\Clase\3 curso\2ºCuatrimestre\Procesos de Software y Calidad\ProyectoGrupal\JuegoRpg\Rpg"/>
    <property name="line.separator" value="&#10;"/>
    <property name="java.vm.specification.vendor" value="Oracle Corporation"/>
    <property name="java.specification.name" value="Java Platform API Specification"/>
    <property name="java.compiler" value="j9jit29"/>
    <property name="com.ibm.util.extralibs.properties" value=""/>
    <property name="java.awt.graphicsenv" value="sun.awt.Win32GraphicsEnvironment"/>
    <property name="com.ibm.oti.configuration" value="scar"/>
    <property name="java.awt.fonts" value=""/>
    <property name="surefire.real.class.path" value="C:\Users\PcCom\AppData\Local\Temp\surefire9187127158206752185\surefirebooter10859592394734243420.jar"/>
    <property name="com.ibm.oti.shared.enabled" value="false"/>
    <property name="jdk.boot.class.path.append" value=""/>
    <property name="com.ibm.oti.vm.bootstrap.library.path" value="C:\Program Files\AdoptOpenJDK\jdk-15.0.0.36-openj9\bin\compressedrefs;C:\Program Files\AdoptOpenJDK\jdk-15.0.0.36-openj9\bin"/>
    <property name="com.ibm.cpu.endian" value="little"/>
    <property name="java.fullversion" value="15+36&#10;JRE 15 Windows 10 amd64-64-Bit Compressed References 20200922_45 (JIT enabled, AOT enabled)&#10;OpenJ9   - 1830b1927&#10;OMR      - 73d5e7623&#10;JCL      - 7e7613c015 based on jdk-15+36"/>
    <property name="java.runtime.version" value="15+36"/>
    <property name="user.name" value="Iker"/>
    <property name="path.separator" value=";"/>
    <property name="os.version" value="10.0"/>
    <property name="java.runtime.name" value="OpenJDK Runtime Environment"/>
    <property name="ibm.signalhandling.sigint" value="true"/>
    <property name="file.encoding" value="Cp1252"/>
    <property name="java.vm.name" value="Eclipse OpenJ9 VM"/>
    <property name="java.vendor.version" value="AdoptOpenJDK"/>
    <property name="ibm.signalhandling.sigchain" value="true"/>
    <property name="localRepository" value="C:\Users\PcCom\.m2\repository"/>
    <property name="java.vendor.url.bug" value="https://github.com/AdoptOpenJDK/openjdk-support/issues"/>
    <property name="java.io.tmpdir" value="C:\Users\PcCom\AppData\Local\Temp\"/>
    <property name="java.version" value="15"/>
    <property name="com.ibm.system.agent.path" value="C:\Program Files\AdoptOpenJDK\jdk-15.0.0.36-openj9\bin"/>
    <property name="user.dir" value="C:\Users\PcCom\Documents\Clase\3 curso\2ºCuatrimestre\Procesos de Software y Calidad\ProyectoGrupal\JuegoRpg\Rpg"/>
    <property name="os.arch" value="amd64"/>
    <property name="java.vm.specification.name" value="Java Virtual Machine Specification"/>
    <property name="java.awt.printerjob" value="sun.awt.windows.WPrinterJob"/>
    <property name="sun.nio.PageAlignDirectMemory" value="false"/>
    <property name="os.encoding" value="UTF8"/>
    <property name="java.library.path" value="C:\Program Files\AdoptOpenJDK\jdk-15.0.0.36-openj9\bin\compressedrefs;C:\Program Files\AdoptOpenJDK\jdk-15.0.0.36-openj9\bin;C:\WINDOWS\system32;C:\WINDOWS;C:\Program Files\AdoptOpenJDK\jdk-15.0.0.36-openj9\bin;C:\Program Files\apache-maven-3.6.3\bin;C:\Program Files (x86)\Intel\Intel(R) Management Engine Components\iCLS\;C:\Program Files\Intel\Intel(R) Management Engine Components\iCLS\;C:\Program Files (x86)\Common Files\Oracle\Java\javapath;C:\Program Files (x86)\Razer Chroma SDK\bin;C:\Program Files\Razer Chroma SDK\bin;C:\WINDOWS\system32;C:\WINDOWS;C:\WINDOWS\System32\Wbem;C:\WINDOWS\System32\WindowsPowerShell\v1.0\;C:\WINDOWS\System32\OpenSSH\;C:\WINDOWS\system32\config\systemprofile\AppData\Local\Microsoft\WindowsApps;C:\Program Files (x86)\NVIDIA Corporation\PhysX\Common;C:\Program Files (x86)\Intel\Intel(R) Management Engine Components\DAL;C:\Program Files\Intel\Intel(R) Management Engine Components\DAL;C:\Program Files (x86)\Intel\Intel(R) Management Engine Components\IPT;C:\Program Files\Intel\Intel(R) Management Engine Components\IPT;C:\Program Files\NVIDIA Corporation\NVIDIA NvDLISR;C:\MinGW\bin;C:\WINDOWS\system32;C:\WINDOWS;C:\WINDOWS\System32\Wbem;C:\WINDOWS\System32\WindowsPowerShell\v1.0\;C:\WINDOWS\System32\OpenSSH\;C:\Users\PcCom\Documents\Clase\2 curso\Git\cmd;C:\Users\PcCom\AppData\Local\Programs\Python\Python39\Scripts\;C:\Users\PcCom\AppData\Local\Programs\Python\Python39\;C:\Users\PcCom\AppData\Local\Microsoft\WindowsApps;C:\Users\PcCom\AppData\Local\Programs\Microsoft VS Code\bin;E:\Program Files (x86)\MiKTeX\miktex\bin\x64\;C:\Users\PcCom\AppData\Local\atom\bin;."/>
    <property name="java.vendor" value="AdoptOpenJDK"/>
    <property name="java.vm.info" value="JRE 15 Windows 10 amd64-64-Bit Compressed References 20200922_45 (JIT enabled, AOT enabled)&#10;OpenJ9   - 1830b1927&#10;OMR      - 73d5e7623&#10;JCL      - 7e7613c015 based on jdk-15+36"/>
    <property name="sun.nio.MaxDirectMemorySize" value="3746684928"/>
    <property name="java.vm.version" value="openj9-0.22.0"/>
    <property name="com.ibm.jcl.checkClassPath" value=""/>
    <property name="ibm.system.encoding" value="Cp1252"/>
    <property name="sun.io.unicode.encoding" value="UnicodeLittle"/>
    <property name="java.class.version" value="59.0"/>
  </properties>
  <testcase name="shouldAnswerWithTrue" classname="Rpg.AppTest" time="0"/>
</testsuite>